<?xml version="1.0" encoding="UTF-8"?>
<testng-results skipped="0" failed="0" total="2" passed="2">
  <reporter-output>
  </reporter-output>
  <suite name="Suite" duration-ms="42246" started-at="2017-09-05T11:48:22Z" finished-at="2017-09-05T11:49:05Z">
    <groups>
    </groups>
    <test name="Test" duration-ms="42246" started-at="2017-09-05T11:48:22Z" finished-at="2017-09-05T11:49:05Z">
      <class name="ideliverStaging.TestCases.TC_1_LoginFeature">
        <test-method status="PASS" signature="initiateDriver()[pri:0, instance:ideliverStaging.TestCases.TC_1_LoginFeature@137cf78]" name="initiateDriver" is-config="true" duration-ms="25130" started-at="2017-09-05T17:18:23Z" finished-at="2017-09-05T17:18:48Z">
          <reporter-output>
          </reporter-output>
        </test-method> <!-- initiateDriver -->
        <test-method status="PASS" signature="tc_1_login(java.lang.String, java.lang.String)[pri:0, instance:ideliverStaging.TestCases.TC_1_LoginFeature@137cf78]" name="tc_1_login" duration-ms="1409" started-at="2017-09-05T17:18:48Z" data-provider="LoginData" finished-at="2017-09-05T17:18:49Z">
          <params>
            <param index="0">
              <value>
                <![CDATA[rekha.rani@classinformatics.com]]>
              </value>
            </param>
            <param index="1">
              <value>
                <![CDATA[pass@1234]]>
              </value>
            </param>
          </params>
          <reporter-output>
          </reporter-output>
        </test-method> <!-- tc_1_login -->
        <test-method status="PASS" signature="closeDriver()[pri:0, instance:ideliverStaging.TestCases.TC_1_LoginFeature@137cf78]" name="closeDriver" is-config="true" duration-ms="1184" started-at="2017-09-05T17:18:49Z" finished-at="2017-09-05T17:18:50Z">
          <reporter-output>
          </reporter-output>
        </test-method> <!-- closeDriver -->
        <test-method status="PASS" signature="initiateDriver()[pri:0, instance:ideliverStaging.TestCases.TC_1_LoginFeature@137cf78]" name="initiateDriver" is-config="true" duration-ms="12495" started-at="2017-09-05T17:18:50Z" finished-at="2017-09-05T17:19:03Z">
          <reporter-output>
          </reporter-output>
        </test-method> <!-- initiateDriver -->
        <test-method status="PASS" signature="tc_1_login(java.lang.String, java.lang.String)[pri:0, instance:ideliverStaging.TestCases.TC_1_LoginFeature@137cf78]" name="tc_1_login" duration-ms="964" started-at="2017-09-05T17:19:03Z" data-provider="LoginData" finished-at="2017-09-05T17:19:04Z">
          <params>
            <param index="0">
              <value>
                <![CDATA[hr.hasija@gmail.com]]>
              </value>
            </param>
            <param index="1">
              <value>
                <![CDATA[pass@1234]]>
              </value>
            </param>
          </params>
          <reporter-output>
          </reporter-output>
        </test-method> <!-- tc_1_login -->
        <test-method status="PASS" signature="closeDriver()[pri:0, instance:ideliverStaging.TestCases.TC_1_LoginFeature@137cf78]" name="closeDriver" is-config="true" duration-ms="712" started-at="2017-09-05T17:19:04Z" finished-at="2017-09-05T17:19:05Z">
          <reporter-output>
          </reporter-output>
        </test-method> <!-- closeDriver -->
      </class> <!-- ideliverStaging.TestCases.TC_1_LoginFeature -->
    </test> <!-- Test -->
  </suite> <!-- Suite -->
</testng-results>
